<?xml version="1.0" encoding="UTF-8"?>
<!-- Generated by org.testng.reporters.JUnitXMLReporter -->
<testsuite ignored="0" hostname="DESKTOP-Q88ETHJ" failures="5" tests="9" name="Test1" time="63.31" errors="0" timestamp="2022-12-06T20:28:57 PST">
  <testcase classname="com.spicejet.ticket.TestPractice2" name="test3" time="29.261">
    <failure type="org.openqa.selenium.WebDriverException" message="unknown error: Chrome failed to start: exited normally.
  (unknown error: DevToolsActivePort file doesn&amp;apos;t exist)
  (The process started from chrome location C:\Program Files (x86)\Google\Chrome\Application\chrome.exe is no longer running, so ChromeDriver is assuming that Chrome has crashed.)
Build info: version: &amp;apos;3.14.0&amp;apos;, revision: &amp;apos;aacccce0&amp;apos;, time: &amp;apos;2018-08-02T20:19:58.91Z&amp;apos;
System info: host: &amp;apos;DESKTOP-Q88ETHJ&amp;apos;, ip: &amp;apos;192.168.216.1&amp;apos;, os.name: &amp;apos;Windows 10&amp;apos;, os.arch: &amp;apos;amd64&amp;apos;, os.version: &amp;apos;10.0&amp;apos;, java.version: &amp;apos;17.0.4.1&amp;apos;
Driver info: driver.version: ChromeDriver
remote stacktrace: Backtrace:
	(No symbol) [0x0097E563]
	(No symbol) [0x00907FC1]
	(No symbol) [0x007FD04D]
	(No symbol) [0x0081C24E]
	(No symbol) [0x008182E9]
	(No symbol) [0x0084F056]
	(No symbol) [0x0084EB2A]
	(No symbol) [0x00848386]
	(No symbol) [0x0082163C]
	(No symbol) [0x0082269D]
	GetHandleVerifier [0x00C19B82+2658722]
	GetHandleVerifier [0x00C0CB84+2605476]
	GetHandleVerifier [0x00A2825A+620666]
	GetHandleVerifier [0x00A26E80+615584]
	(No symbol) [0x009105EC]
	(No symbol) [0x00915958]
	(No symbol) [0x00915A45]
	(No symbol) [0x0092050B]
	BaseThreadInitThunk [0x76EBFEF9+25]
	RtlGetAppContainerNamedObjectPath [0x77297BBE+286]
	RtlGetAppContainerNamedObjectPath [0x77297B8E+238]
">
      <![CDATA[org.openqa.selenium.WebDriverException: unknown error: Chrome failed to start: exited normally.
  (unknown error: DevToolsActivePort file doesn't exist)
  (The process started from chrome location C:\Program Files (x86)\Google\Chrome\Application\chrome.exe is no longer running, so ChromeDriver is assuming that Chrome has crashed.)
Build info: version: '3.14.0', revision: 'aacccce0', time: '2018-08-02T20:19:58.91Z'
System info: host: 'DESKTOP-Q88ETHJ', ip: '192.168.216.1', os.name: 'Windows 10', os.arch: 'amd64', os.version: '10.0', java.version: '17.0.4.1'
Driver info: driver.version: ChromeDriver
remote stacktrace: Backtrace:
(No symbol) [0x0097E563]
(No symbol) [0x00907FC1]
(No symbol) [0x007FD04D]
(No symbol) [0x0081C24E]
(No symbol) [0x008182E9]
(No symbol) [0x0084F056]
(No symbol) [0x0084EB2A]
(No symbol) [0x00848386]
(No symbol) [0x0082163C]
(No symbol) [0x0082269D]
GetHandleVerifier [0x00C19B82+2658722]
GetHandleVerifier [0x00C0CB84+2605476]
GetHandleVerifier [0x00A2825A+620666]
GetHandleVerifier [0x00A26E80+615584]
(No symbol) [0x009105EC]
(No symbol) [0x00915958]
(No symbol) [0x00915A45]
(No symbol) [0x0092050B]
BaseThreadInitThunk [0x76EBFEF9+25]
RtlGetAppContainerNamedObjectPath [0x77297BBE+286]
RtlGetAppContainerNamedObjectPath [0x77297B8E+238]

at org.openqa.selenium.remote.W3CHandshakeResponse.lambda$new$0(W3CHandshakeResponse.java:57)
at org.openqa.selenium.remote.W3CHandshakeResponse.lambda$getResponseFunction$2(W3CHandshakeResponse.java:104)
at org.openqa.selenium.remote.ProtocolHandshake.lambda$createSession$0(ProtocolHandshake.java:122)
at java.base/java.util.stream.ReferencePipeline$3$1.accept(ReferencePipeline.java:197)
at java.base/java.util.Spliterators$ArraySpliterator.tryAdvance(Spliterators.java:1002)
at java.base/java.util.stream.ReferencePipeline.forEachWithCancel(ReferencePipeline.java:129)
at java.base/java.util.stream.AbstractPipeline.copyIntoWithCancel(AbstractPipeline.java:527)
at java.base/java.util.stream.AbstractPipeline.copyInto(AbstractPipeline.java:513)
at java.base/java.util.stream.AbstractPipeline.wrapAndCopyInto(AbstractPipeline.java:499)
at java.base/java.util.stream.FindOps$FindOp.evaluateSequential(FindOps.java:150)
at java.base/java.util.stream.AbstractPipeline.evaluate(AbstractPipeline.java:234)
at java.base/java.util.stream.ReferencePipeline.findFirst(ReferencePipeline.java:647)
at org.openqa.selenium.remote.ProtocolHandshake.createSession(ProtocolHandshake.java:125)
at org.openqa.selenium.remote.ProtocolHandshake.createSession(ProtocolHandshake.java:73)
at org.openqa.selenium.remote.HttpCommandExecutor.execute(HttpCommandExecutor.java:136)
at org.openqa.selenium.remote.service.DriverCommandExecutor.execute(DriverCommandExecutor.java:83)
at org.openqa.selenium.remote.RemoteWebDriver.execute(RemoteWebDriver.java:548)
at org.openqa.selenium.remote.RemoteWebDriver.startSession(RemoteWebDriver.java:212)
at org.openqa.selenium.remote.RemoteWebDriver.<init>(RemoteWebDriver.java:130)
at org.openqa.selenium.chrome.ChromeDriver.<init>(ChromeDriver.java:181)
at org.openqa.selenium.chrome.ChromeDriver.<init>(ChromeDriver.java:168)
at org.openqa.selenium.chrome.ChromeDriver.<init>(ChromeDriver.java:157)
at com.spicejet.genericUtility.WebDriverUtility.launchApplication(WebDriverUtility.java:37)
at com.spicejet.ticket.TestPractice2.test3(TestPractice2.java:33)
at java.base/java.util.concurrent.ThreadPoolExecutor.runWorker(ThreadPoolExecutor.java:1136)
at java.base/java.util.concurrent.ThreadPoolExecutor$Worker.run(ThreadPoolExecutor.java:635)
at java.base/java.lang.Thread.run(Thread.java:833)
... Removed 17 stack frames]]>
    </failure>
  </testcase> <!-- test3 -->
  <testcase classname="com.spicejet.ticket.TestPractice2" name="test1" time="29.395">
    <failure type="org.openqa.selenium.WebDriverException" message="unknown error: Chrome failed to start: exited normally.
  (unknown error: DevToolsActivePort file doesn&amp;apos;t exist)
  (The process started from chrome location C:\Program Files (x86)\Google\Chrome\Application\chrome.exe is no longer running, so ChromeDriver is assuming that Chrome has crashed.)
Build info: version: &amp;apos;3.14.0&amp;apos;, revision: &amp;apos;aacccce0&amp;apos;, time: &amp;apos;2018-08-02T20:19:58.91Z&amp;apos;
System info: host: &amp;apos;DESKTOP-Q88ETHJ&amp;apos;, ip: &amp;apos;192.168.216.1&amp;apos;, os.name: &amp;apos;Windows 10&amp;apos;, os.arch: &amp;apos;amd64&amp;apos;, os.version: &amp;apos;10.0&amp;apos;, java.version: &amp;apos;17.0.4.1&amp;apos;
Driver info: driver.version: ChromeDriver
remote stacktrace: Backtrace:
	(No symbol) [0x0097E563]
	(No symbol) [0x00907FC1]
	(No symbol) [0x007FD04D]
	(No symbol) [0x0081C24E]
	(No symbol) [0x008182E9]
	(No symbol) [0x0084F056]
	(No symbol) [0x0084EB2A]
	(No symbol) [0x00848386]
	(No symbol) [0x0082163C]
	(No symbol) [0x0082269D]
	GetHandleVerifier [0x00C19B82+2658722]
	GetHandleVerifier [0x00C0CB84+2605476]
	GetHandleVerifier [0x00A2825A+620666]
	GetHandleVerifier [0x00A26E80+615584]
	(No symbol) [0x009105EC]
	(No symbol) [0x00915958]
	(No symbol) [0x00915A45]
	(No symbol) [0x0092050B]
	BaseThreadInitThunk [0x76EBFEF9+25]
	RtlGetAppContainerNamedObjectPath [0x77297BBE+286]
	RtlGetAppContainerNamedObjectPath [0x77297B8E+238]
">
      <![CDATA[org.openqa.selenium.WebDriverException: unknown error: Chrome failed to start: exited normally.
  (unknown error: DevToolsActivePort file doesn't exist)
  (The process started from chrome location C:\Program Files (x86)\Google\Chrome\Application\chrome.exe is no longer running, so ChromeDriver is assuming that Chrome has crashed.)
Build info: version: '3.14.0', revision: 'aacccce0', time: '2018-08-02T20:19:58.91Z'
System info: host: 'DESKTOP-Q88ETHJ', ip: '192.168.216.1', os.name: 'Windows 10', os.arch: 'amd64', os.version: '10.0', java.version: '17.0.4.1'
Driver info: driver.version: ChromeDriver
remote stacktrace: Backtrace:
(No symbol) [0x0097E563]
(No symbol) [0x00907FC1]
(No symbol) [0x007FD04D]
(No symbol) [0x0081C24E]
(No symbol) [0x008182E9]
(No symbol) [0x0084F056]
(No symbol) [0x0084EB2A]
(No symbol) [0x00848386]
(No symbol) [0x0082163C]
(No symbol) [0x0082269D]
GetHandleVerifier [0x00C19B82+2658722]
GetHandleVerifier [0x00C0CB84+2605476]
GetHandleVerifier [0x00A2825A+620666]
GetHandleVerifier [0x00A26E80+615584]
(No symbol) [0x009105EC]
(No symbol) [0x00915958]
(No symbol) [0x00915A45]
(No symbol) [0x0092050B]
BaseThreadInitThunk [0x76EBFEF9+25]
RtlGetAppContainerNamedObjectPath [0x77297BBE+286]
RtlGetAppContainerNamedObjectPath [0x77297B8E+238]

at org.openqa.selenium.remote.W3CHandshakeResponse.lambda$new$0(W3CHandshakeResponse.java:57)
at org.openqa.selenium.remote.W3CHandshakeResponse.lambda$getResponseFunction$2(W3CHandshakeResponse.java:104)
at org.openqa.selenium.remote.ProtocolHandshake.lambda$createSession$0(ProtocolHandshake.java:122)
at java.base/java.util.stream.ReferencePipeline$3$1.accept(ReferencePipeline.java:197)
at java.base/java.util.Spliterators$ArraySpliterator.tryAdvance(Spliterators.java:1002)
at java.base/java.util.stream.ReferencePipeline.forEachWithCancel(ReferencePipeline.java:129)
at java.base/java.util.stream.AbstractPipeline.copyIntoWithCancel(AbstractPipeline.java:527)
at java.base/java.util.stream.AbstractPipeline.copyInto(AbstractPipeline.java:513)
at java.base/java.util.stream.AbstractPipeline.wrapAndCopyInto(AbstractPipeline.java:499)
at java.base/java.util.stream.FindOps$FindOp.evaluateSequential(FindOps.java:150)
at java.base/java.util.stream.AbstractPipeline.evaluate(AbstractPipeline.java:234)
at java.base/java.util.stream.ReferencePipeline.findFirst(ReferencePipeline.java:647)
at org.openqa.selenium.remote.ProtocolHandshake.createSession(ProtocolHandshake.java:125)
at org.openqa.selenium.remote.ProtocolHandshake.createSession(ProtocolHandshake.java:73)
at org.openqa.selenium.remote.HttpCommandExecutor.execute(HttpCommandExecutor.java:136)
at org.openqa.selenium.remote.service.DriverCommandExecutor.execute(DriverCommandExecutor.java:83)
at org.openqa.selenium.remote.RemoteWebDriver.execute(RemoteWebDriver.java:548)
at org.openqa.selenium.remote.RemoteWebDriver.startSession(RemoteWebDriver.java:212)
at org.openqa.selenium.remote.RemoteWebDriver.<init>(RemoteWebDriver.java:130)
at org.openqa.selenium.chrome.ChromeDriver.<init>(ChromeDriver.java:181)
at org.openqa.selenium.chrome.ChromeDriver.<init>(ChromeDriver.java:168)
at org.openqa.selenium.chrome.ChromeDriver.<init>(ChromeDriver.java:157)
at com.spicejet.genericUtility.WebDriverUtility.launchApplication(WebDriverUtility.java:37)
at com.spicejet.ticket.TestPractice2.test1(TestPractice2.java:15)
at java.base/java.util.concurrent.ThreadPoolExecutor.runWorker(ThreadPoolExecutor.java:1136)
at java.base/java.util.concurrent.ThreadPoolExecutor$Worker.run(ThreadPoolExecutor.java:635)
at java.base/java.lang.Thread.run(Thread.java:833)
... Removed 17 stack frames]]>
    </failure>
  </testcase> <!-- test1 -->
  <testcase classname="com.spicejet.ticket.TestPractice2" name="test2" time="29.561">
    <failure type="org.openqa.selenium.WebDriverException" message="unknown error: Chrome failed to start: exited normally.
  (unknown error: DevToolsActivePort file doesn&amp;apos;t exist)
  (The process started from chrome location C:\Program Files (x86)\Google\Chrome\Application\chrome.exe is no longer running, so ChromeDriver is assuming that Chrome has crashed.)
Build info: version: &amp;apos;3.14.0&amp;apos;, revision: &amp;apos;aacccce0&amp;apos;, time: &amp;apos;2018-08-02T20:19:58.91Z&amp;apos;
System info: host: &amp;apos;DESKTOP-Q88ETHJ&amp;apos;, ip: &amp;apos;192.168.216.1&amp;apos;, os.name: &amp;apos;Windows 10&amp;apos;, os.arch: &amp;apos;amd64&amp;apos;, os.version: &amp;apos;10.0&amp;apos;, java.version: &amp;apos;17.0.4.1&amp;apos;
Driver info: driver.version: ChromeDriver
remote stacktrace: Backtrace:
	(No symbol) [0x0097E563]
	(No symbol) [0x00907FC1]
	(No symbol) [0x007FD04D]
	(No symbol) [0x0081C24E]
	(No symbol) [0x008182E9]
	(No symbol) [0x0084F056]
	(No symbol) [0x0084EB2A]
	(No symbol) [0x00848386]
	(No symbol) [0x0082163C]
	(No symbol) [0x0082269D]
	GetHandleVerifier [0x00C19B82+2658722]
	GetHandleVerifier [0x00C0CB84+2605476]
	GetHandleVerifier [0x00A2825A+620666]
	GetHandleVerifier [0x00A26E80+615584]
	(No symbol) [0x009105EC]
	(No symbol) [0x00915958]
	(No symbol) [0x00915A45]
	(No symbol) [0x0092050B]
	BaseThreadInitThunk [0x76EBFEF9+25]
	RtlGetAppContainerNamedObjectPath [0x77297BBE+286]
	RtlGetAppContainerNamedObjectPath [0x77297B8E+238]
">
      <![CDATA[org.openqa.selenium.WebDriverException: unknown error: Chrome failed to start: exited normally.
  (unknown error: DevToolsActivePort file doesn't exist)
  (The process started from chrome location C:\Program Files (x86)\Google\Chrome\Application\chrome.exe is no longer running, so ChromeDriver is assuming that Chrome has crashed.)
Build info: version: '3.14.0', revision: 'aacccce0', time: '2018-08-02T20:19:58.91Z'
System info: host: 'DESKTOP-Q88ETHJ', ip: '192.168.216.1', os.name: 'Windows 10', os.arch: 'amd64', os.version: '10.0', java.version: '17.0.4.1'
Driver info: driver.version: ChromeDriver
remote stacktrace: Backtrace:
(No symbol) [0x0097E563]
(No symbol) [0x00907FC1]
(No symbol) [0x007FD04D]
(No symbol) [0x0081C24E]
(No symbol) [0x008182E9]
(No symbol) [0x0084F056]
(No symbol) [0x0084EB2A]
(No symbol) [0x00848386]
(No symbol) [0x0082163C]
(No symbol) [0x0082269D]
GetHandleVerifier [0x00C19B82+2658722]
GetHandleVerifier [0x00C0CB84+2605476]
GetHandleVerifier [0x00A2825A+620666]
GetHandleVerifier [0x00A26E80+615584]
(No symbol) [0x009105EC]
(No symbol) [0x00915958]
(No symbol) [0x00915A45]
(No symbol) [0x0092050B]
BaseThreadInitThunk [0x76EBFEF9+25]
RtlGetAppContainerNamedObjectPath [0x77297BBE+286]
RtlGetAppContainerNamedObjectPath [0x77297B8E+238]

at org.openqa.selenium.remote.W3CHandshakeResponse.lambda$new$0(W3CHandshakeResponse.java:57)
at org.openqa.selenium.remote.W3CHandshakeResponse.lambda$getResponseFunction$2(W3CHandshakeResponse.java:104)
at org.openqa.selenium.remote.ProtocolHandshake.lambda$createSession$0(ProtocolHandshake.java:122)
at java.base/java.util.stream.ReferencePipeline$3$1.accept(ReferencePipeline.java:197)
at java.base/java.util.Spliterators$ArraySpliterator.tryAdvance(Spliterators.java:1002)
at java.base/java.util.stream.ReferencePipeline.forEachWithCancel(ReferencePipeline.java:129)
at java.base/java.util.stream.AbstractPipeline.copyIntoWithCancel(AbstractPipeline.java:527)
at java.base/java.util.stream.AbstractPipeline.copyInto(AbstractPipeline.java:513)
at java.base/java.util.stream.AbstractPipeline.wrapAndCopyInto(AbstractPipeline.java:499)
at java.base/java.util.stream.FindOps$FindOp.evaluateSequential(FindOps.java:150)
at java.base/java.util.stream.AbstractPipeline.evaluate(AbstractPipeline.java:234)
at java.base/java.util.stream.ReferencePipeline.findFirst(ReferencePipeline.java:647)
at org.openqa.selenium.remote.ProtocolHandshake.createSession(ProtocolHandshake.java:125)
at org.openqa.selenium.remote.ProtocolHandshake.createSession(ProtocolHandshake.java:73)
at org.openqa.selenium.remote.HttpCommandExecutor.execute(HttpCommandExecutor.java:136)
at org.openqa.selenium.remote.service.DriverCommandExecutor.execute(DriverCommandExecutor.java:83)
at org.openqa.selenium.remote.RemoteWebDriver.execute(RemoteWebDriver.java:548)
at org.openqa.selenium.remote.RemoteWebDriver.startSession(RemoteWebDriver.java:212)
at org.openqa.selenium.remote.RemoteWebDriver.<init>(RemoteWebDriver.java:130)
at org.openqa.selenium.chrome.ChromeDriver.<init>(ChromeDriver.java:181)
at org.openqa.selenium.chrome.ChromeDriver.<init>(ChromeDriver.java:168)
at org.openqa.selenium.chrome.ChromeDriver.<init>(ChromeDriver.java:157)
at com.spicejet.genericUtility.WebDriverUtility.launchApplication(WebDriverUtility.java:37)
at com.spicejet.ticket.TestPractice2.test2(TestPractice2.java:24)
at java.base/java.util.concurrent.ThreadPoolExecutor.runWorker(ThreadPoolExecutor.java:1136)
at java.base/java.util.concurrent.ThreadPoolExecutor$Worker.run(ThreadPoolExecutor.java:635)
at java.base/java.lang.Thread.run(Thread.java:833)
... Removed 17 stack frames]]>
    </failure>
  </testcase> <!-- test2 -->
  <testcase classname="com.spicejet.ticket.PracticeTest3" name="test2" time="12.03"/>
  <testcase classname="com.spicejet.ticket.PracticeTest1" name="test1" time="8.992"/>
  <testcase classname="com.spicejet.ticket.PracticeTest3" name="test1" time="28.673">
    <failure type="org.openqa.selenium.WebDriverException" message="unknown error: Chrome failed to start: exited normally.
  (chrome not reachable)
  (The process started from chrome location C:\Program Files (x86)\Google\Chrome\Application\chrome.exe is no longer running, so ChromeDriver is assuming that Chrome has crashed.)
Build info: version: &amp;apos;3.14.0&amp;apos;, revision: &amp;apos;aacccce0&amp;apos;, time: &amp;apos;2018-08-02T20:19:58.91Z&amp;apos;
System info: host: &amp;apos;DESKTOP-Q88ETHJ&amp;apos;, ip: &amp;apos;192.168.216.1&amp;apos;, os.name: &amp;apos;Windows 10&amp;apos;, os.arch: &amp;apos;amd64&amp;apos;, os.version: &amp;apos;10.0&amp;apos;, java.version: &amp;apos;17.0.4.1&amp;apos;
Driver info: driver.version: ChromeDriver
remote stacktrace: Backtrace:
	(No symbol) [0x0097E563]
	(No symbol) [0x00907FC1]
	(No symbol) [0x007FD04D]
	(No symbol) [0x0081C24E]
	(No symbol) [0x008182E9]
	(No symbol) [0x0084F056]
	(No symbol) [0x0084EB2A]
	(No symbol) [0x00848386]
	(No symbol) [0x0082163C]
	(No symbol) [0x0082269D]
	GetHandleVerifier [0x00C19B82+2658722]
	GetHandleVerifier [0x00C0CB84+2605476]
	GetHandleVerifier [0x00A2825A+620666]
	GetHandleVerifier [0x00A26E80+615584]
	(No symbol) [0x009105EC]
	(No symbol) [0x00915958]
	(No symbol) [0x00915A45]
	(No symbol) [0x0092050B]
	BaseThreadInitThunk [0x76EBFEF9+25]
	RtlGetAppContainerNamedObjectPath [0x77297BBE+286]
	RtlGetAppContainerNamedObjectPath [0x77297B8E+238]
">
      <![CDATA[org.openqa.selenium.WebDriverException: unknown error: Chrome failed to start: exited normally.
  (chrome not reachable)
  (The process started from chrome location C:\Program Files (x86)\Google\Chrome\Application\chrome.exe is no longer running, so ChromeDriver is assuming that Chrome has crashed.)
Build info: version: '3.14.0', revision: 'aacccce0', time: '2018-08-02T20:19:58.91Z'
System info: host: 'DESKTOP-Q88ETHJ', ip: '192.168.216.1', os.name: 'Windows 10', os.arch: 'amd64', os.version: '10.0', java.version: '17.0.4.1'
Driver info: driver.version: ChromeDriver
remote stacktrace: Backtrace:
(No symbol) [0x0097E563]
(No symbol) [0x00907FC1]
(No symbol) [0x007FD04D]
(No symbol) [0x0081C24E]
(No symbol) [0x008182E9]
(No symbol) [0x0084F056]
(No symbol) [0x0084EB2A]
(No symbol) [0x00848386]
(No symbol) [0x0082163C]
(No symbol) [0x0082269D]
GetHandleVerifier [0x00C19B82+2658722]
GetHandleVerifier [0x00C0CB84+2605476]
GetHandleVerifier [0x00A2825A+620666]
GetHandleVerifier [0x00A26E80+615584]
(No symbol) [0x009105EC]
(No symbol) [0x00915958]
(No symbol) [0x00915A45]
(No symbol) [0x0092050B]
BaseThreadInitThunk [0x76EBFEF9+25]
RtlGetAppContainerNamedObjectPath [0x77297BBE+286]
RtlGetAppContainerNamedObjectPath [0x77297B8E+238]

at org.openqa.selenium.remote.W3CHandshakeResponse.lambda$new$0(W3CHandshakeResponse.java:57)
at org.openqa.selenium.remote.W3CHandshakeResponse.lambda$getResponseFunction$2(W3CHandshakeResponse.java:104)
at org.openqa.selenium.remote.ProtocolHandshake.lambda$createSession$0(ProtocolHandshake.java:122)
at java.base/java.util.stream.ReferencePipeline$3$1.accept(ReferencePipeline.java:197)
at java.base/java.util.Spliterators$ArraySpliterator.tryAdvance(Spliterators.java:1002)
at java.base/java.util.stream.ReferencePipeline.forEachWithCancel(ReferencePipeline.java:129)
at java.base/java.util.stream.AbstractPipeline.copyIntoWithCancel(AbstractPipeline.java:527)
at java.base/java.util.stream.AbstractPipeline.copyInto(AbstractPipeline.java:513)
at java.base/java.util.stream.AbstractPipeline.wrapAndCopyInto(AbstractPipeline.java:499)
at java.base/java.util.stream.FindOps$FindOp.evaluateSequential(FindOps.java:150)
at java.base/java.util.stream.AbstractPipeline.evaluate(AbstractPipeline.java:234)
at java.base/java.util.stream.ReferencePipeline.findFirst(ReferencePipeline.java:647)
at org.openqa.selenium.remote.ProtocolHandshake.createSession(ProtocolHandshake.java:125)
at org.openqa.selenium.remote.ProtocolHandshake.createSession(ProtocolHandshake.java:73)
at org.openqa.selenium.remote.HttpCommandExecutor.execute(HttpCommandExecutor.java:136)
at org.openqa.selenium.remote.service.DriverCommandExecutor.execute(DriverCommandExecutor.java:83)
at org.openqa.selenium.remote.RemoteWebDriver.execute(RemoteWebDriver.java:548)
at org.openqa.selenium.remote.RemoteWebDriver.startSession(RemoteWebDriver.java:212)
at org.openqa.selenium.remote.RemoteWebDriver.<init>(RemoteWebDriver.java:130)
at org.openqa.selenium.chrome.ChromeDriver.<init>(ChromeDriver.java:181)
at org.openqa.selenium.chrome.ChromeDriver.<init>(ChromeDriver.java:168)
at org.openqa.selenium.chrome.ChromeDriver.<init>(ChromeDriver.java:157)
at com.spicejet.genericUtility.WebDriverUtility.launchApplication(WebDriverUtility.java:37)
at com.spicejet.ticket.PracticeTest3.test1(PracticeTest3.java:15)
at java.base/java.util.concurrent.ThreadPoolExecutor.runWorker(ThreadPoolExecutor.java:1136)
at java.base/java.util.concurrent.ThreadPoolExecutor$Worker.run(ThreadPoolExecutor.java:635)
at java.base/java.lang.Thread.run(Thread.java:833)
... Removed 17 stack frames]]>
    </failure>
  </testcase> <!-- test1 -->
  <testcase classname="com.spicejet.ticket.PracticeTest1" name="test2" time="7.938"/>
  <testcase classname="com.spicejet.ticket.PracticeTest3" name="test3" time="33.242">
    <failure type="org.openqa.selenium.WebDriverException" message="unknown error: Chrome failed to start: exited normally.
  (chrome not reachable)
  (The process started from chrome location C:\Program Files (x86)\Google\Chrome\Application\chrome.exe is no longer running, so ChromeDriver is assuming that Chrome has crashed.)
Build info: version: &amp;apos;3.14.0&amp;apos;, revision: &amp;apos;aacccce0&amp;apos;, time: &amp;apos;2018-08-02T20:19:58.91Z&amp;apos;
System info: host: &amp;apos;DESKTOP-Q88ETHJ&amp;apos;, ip: &amp;apos;192.168.216.1&amp;apos;, os.name: &amp;apos;Windows 10&amp;apos;, os.arch: &amp;apos;amd64&amp;apos;, os.version: &amp;apos;10.0&amp;apos;, java.version: &amp;apos;17.0.4.1&amp;apos;
Driver info: driver.version: ChromeDriver
remote stacktrace: Backtrace:
	(No symbol) [0x0097E563]
	(No symbol) [0x00907FC1]
	(No symbol) [0x007FD04D]
	(No symbol) [0x0081C24E]
	(No symbol) [0x008182E9]
	(No symbol) [0x0084F056]
	(No symbol) [0x0084EB2A]
	(No symbol) [0x00848386]
	(No symbol) [0x0082163C]
	(No symbol) [0x0082269D]
	GetHandleVerifier [0x00C19B82+2658722]
	GetHandleVerifier [0x00C0CB84+2605476]
	GetHandleVerifier [0x00A2825A+620666]
	GetHandleVerifier [0x00A26E80+615584]
	(No symbol) [0x009105EC]
	(No symbol) [0x00915958]
	(No symbol) [0x00915A45]
	(No symbol) [0x0092050B]
	BaseThreadInitThunk [0x76EBFEF9+25]
	RtlGetAppContainerNamedObjectPath [0x77297BBE+286]
	RtlGetAppContainerNamedObjectPath [0x77297B8E+238]
">
      <![CDATA[org.openqa.selenium.WebDriverException: unknown error: Chrome failed to start: exited normally.
  (chrome not reachable)
  (The process started from chrome location C:\Program Files (x86)\Google\Chrome\Application\chrome.exe is no longer running, so ChromeDriver is assuming that Chrome has crashed.)
Build info: version: '3.14.0', revision: 'aacccce0', time: '2018-08-02T20:19:58.91Z'
System info: host: 'DESKTOP-Q88ETHJ', ip: '192.168.216.1', os.name: 'Windows 10', os.arch: 'amd64', os.version: '10.0', java.version: '17.0.4.1'
Driver info: driver.version: ChromeDriver
remote stacktrace: Backtrace:
(No symbol) [0x0097E563]
(No symbol) [0x00907FC1]
(No symbol) [0x007FD04D]
(No symbol) [0x0081C24E]
(No symbol) [0x008182E9]
(No symbol) [0x0084F056]
(No symbol) [0x0084EB2A]
(No symbol) [0x00848386]
(No symbol) [0x0082163C]
(No symbol) [0x0082269D]
GetHandleVerifier [0x00C19B82+2658722]
GetHandleVerifier [0x00C0CB84+2605476]
GetHandleVerifier [0x00A2825A+620666]
GetHandleVerifier [0x00A26E80+615584]
(No symbol) [0x009105EC]
(No symbol) [0x00915958]
(No symbol) [0x00915A45]
(No symbol) [0x0092050B]
BaseThreadInitThunk [0x76EBFEF9+25]
RtlGetAppContainerNamedObjectPath [0x77297BBE+286]
RtlGetAppContainerNamedObjectPath [0x77297B8E+238]

at org.openqa.selenium.remote.W3CHandshakeResponse.lambda$new$0(W3CHandshakeResponse.java:57)
at org.openqa.selenium.remote.W3CHandshakeResponse.lambda$getResponseFunction$2(W3CHandshakeResponse.java:104)
at org.openqa.selenium.remote.ProtocolHandshake.lambda$createSession$0(ProtocolHandshake.java:122)
at java.base/java.util.stream.ReferencePipeline$3$1.accept(ReferencePipeline.java:197)
at java.base/java.util.Spliterators$ArraySpliterator.tryAdvance(Spliterators.java:1002)
at java.base/java.util.stream.ReferencePipeline.forEachWithCancel(ReferencePipeline.java:129)
at java.base/java.util.stream.AbstractPipeline.copyIntoWithCancel(AbstractPipeline.java:527)
at java.base/java.util.stream.AbstractPipeline.copyInto(AbstractPipeline.java:513)
at java.base/java.util.stream.AbstractPipeline.wrapAndCopyInto(AbstractPipeline.java:499)
at java.base/java.util.stream.FindOps$FindOp.evaluateSequential(FindOps.java:150)
at java.base/java.util.stream.AbstractPipeline.evaluate(AbstractPipeline.java:234)
at java.base/java.util.stream.ReferencePipeline.findFirst(ReferencePipeline.java:647)
at org.openqa.selenium.remote.ProtocolHandshake.createSession(ProtocolHandshake.java:125)
at org.openqa.selenium.remote.ProtocolHandshake.createSession(ProtocolHandshake.java:73)
at org.openqa.selenium.remote.HttpCommandExecutor.execute(HttpCommandExecutor.java:136)
at org.openqa.selenium.remote.service.DriverCommandExecutor.execute(DriverCommandExecutor.java:83)
at org.openqa.selenium.remote.RemoteWebDriver.execute(RemoteWebDriver.java:548)
at org.openqa.selenium.remote.RemoteWebDriver.startSession(RemoteWebDriver.java:212)
at org.openqa.selenium.remote.RemoteWebDriver.<init>(RemoteWebDriver.java:130)
at org.openqa.selenium.chrome.ChromeDriver.<init>(ChromeDriver.java:181)
at org.openqa.selenium.chrome.ChromeDriver.<init>(ChromeDriver.java:168)
at org.openqa.selenium.chrome.ChromeDriver.<init>(ChromeDriver.java:157)
at com.spicejet.genericUtility.WebDriverUtility.launchApplication(WebDriverUtility.java:37)
at com.spicejet.ticket.PracticeTest3.test3(PracticeTest3.java:33)
at java.base/java.util.concurrent.ThreadPoolExecutor.runWorker(ThreadPoolExecutor.java:1136)
at java.base/java.util.concurrent.ThreadPoolExecutor$Worker.run(ThreadPoolExecutor.java:635)
at java.base/java.lang.Thread.run(Thread.java:833)
... Removed 17 stack frames]]>
    </failure>
  </testcase> <!-- test3 -->
  <testcase classname="com.spicejet.ticket.PracticeTest1" name="test3" time="5.264"/>
</testsuite> <!-- Test1 -->
